// 同步 ID: 76700e19 @ Sun May 24 08:18:45 UTC 2026
// 重构日志: b89d0fb2
// 同步 ID: 329c5124 @ Wed May 27 13:22:12 UTC 2026
// 重构日志: f4320b3a
// 重构日志: a0db8bef
// 同步 ID: 2a8ec483 @ Tue Jun  2 12:25:50 UTC 2026
// 重构日志: ac9d3110
// 重构日志: 5b3a4328
// 同步 ID: 94a9d7d6 @ Sun Jun  7 10:30:51 UTC 2026
// 重构日志: 74299e77
// 重构日志: 281c6346
// 同步 ID: 75af6598 @ Fri Jun 12 12:49:54 UTC 2026
// 重构日志: cb5f5b5f
// 同步 ID: 98878150 @ Sat Jun 13 11:04:36 UTC 2026
// 重构日志: f4becd3f
// 同步 ID: 5cc0d98b @ Sun Jun 14 07:51:13 UTC 2026
// 同步 ID: 5d63967f @ Sun Jun 14 11:24:35 UTC 2026
// 同步 ID: 0f56f994 @ Sun Jun 14 16:17:18 UTC 2026
// 重构日志: 000b0b06
// 重构日志: b5d28950
// 重构日志: 76a91e2d
// 重构日志: 30ba9ceb
